d:\vs 比特\数据结构作业\project1\project1\debug\vc120.pdb
d:\vs 比特\数据结构作业\project1\project1\debug\vc120.idb
d:\vs 比特\数据结构作业\project1\project1\debug\20190122test.obj
d:\vs 比特\数据结构作业\project1\project1\debug\stack.obj
d:\vs 比特\数据结构作业\project1\debug\project1.ilk
d:\vs 比特\数据结构作业\project1\debug\project1.exe
d:\vs 比特\数据结构作业\project1\debug\project1.pdb
d:\vs 比特\数据结构作业\20190122栈\project1\debug\20190122test.obj
d:\vs 比特\数据结构作业\20190122栈\project1\debug\stack.obj
d:\vs 比特\数据结构作业\20190122栈\project1\debug\vc120.idb
d:\vs 比特\数据结构作业\20190122栈\project1\debug\vc120.pdb
d:\vs 比特\数据结构作业\20190122栈\debug\project1.pdb
d:\vs 比特\数据结构作业\20190122栈\debug\project1.exe
d:\vs 比特\数据结构作业\20190122栈\debug\project1.ilk
d:\vs 比特\数据结构作业\20190122栈\project1\debug\project1.tlog\cl.command.1.tlog
d:\vs 比特\数据结构作业\20190122栈\project1\debug\project1.tlog\cl.read.1.tlog
d:\vs 比特\数据结构作业\20190122栈\project1\debug\project1.tlog\cl.write.1.tlog
d:\vs 比特\数据结构作业\20190122栈\project1\debug\project1.tlog\link.command.1.tlog
d:\vs 比特\数据结构作业\20190122栈\project1\debug\project1.tlog\link.read.1.tlog
d:\vs 比特\数据结构作业\20190122栈\project1\debug\project1.tlog\link.write.1.tlog
