E:\亚信安全\亚信安全\Windows 程序\CreateWinServer\CreateWinServer\Debug\cl.command.1.tlog
E:\亚信安全\亚信安全\Windows 程序\CreateWinServer\CreateWinServer\Debug\CL.read.1.tlog
E:\亚信安全\亚信安全\Windows 程序\CreateWinServer\CreateWinServer\Debug\CL.write.1.tlog
E:\亚信安全\亚信安全\Windows 程序\CreateWinServer\CreateWinServer\Debug\CreateWinServer.exe.embed.manifest
E:\亚信安全\亚信安全\WINDOWS 程序\CREATEWINSERVER\CREATEWINSERVER\DEBUG\CREATEWINSERVER.EXE.EMBED.MANIFEST.RES
E:\亚信安全\亚信安全\WINDOWS 程序\CREATEWINSERVER\CREATEWINSERVER\DEBUG\CREATEWINSERVER.OBJ
E:\亚信安全\亚信安全\WINDOWS 程序\CREATEWINSERVER\CREATEWINSERVER\DEBUG\CREATEWINSERVER.PCH
E:\亚信安全\亚信安全\Windows 程序\CreateWinServer\CreateWinServer\Debug\CreateWinServer.write.1.tlog
E:\亚信安全\亚信安全\Windows 程序\CreateWinServer\CreateWinServer\Debug\CreateWinServer_manifest.rc
E:\亚信安全\亚信安全\Windows 程序\CreateWinServer\CreateWinServer\Debug\link.command.1.tlog
E:\亚信安全\亚信安全\Windows 程序\CreateWinServer\CreateWinServer\Debug\link.read.1.tlog
E:\亚信安全\亚信安全\Windows 程序\CreateWinServer\CreateWinServer\Debug\link.write.1.tlog
E:\亚信安全\亚信安全\Windows 程序\CreateWinServer\CreateWinServer\Debug\rc.command.1.tlog
E:\亚信安全\亚信安全\Windows 程序\CreateWinServer\CreateWinServer\Debug\rc.read.1.tlog
E:\亚信安全\亚信安全\Windows 程序\CreateWinServer\CreateWinServer\Debug\rc.write.1.tlog
E:\亚信安全\亚信安全\WINDOWS 程序\CREATEWINSERVER\CREATEWINSERVER\DEBUG\STDAFX.OBJ
E:\亚信安全\亚信安全\Windows 程序\CreateWinServer\CreateWinServer\Debug\vc100.idb
E:\亚信安全\亚信安全\WINDOWS 程序\CREATEWINSERVER\CREATEWINSERVER\DEBUG\VC100.PDB
E:\亚信安全\亚信安全\WINDOWS 程序\CREATEWINSERVER\CREATEWINSERVER\DEBUG\WINSERVICE.OBJ
E:\亚信安全\亚信安全\WINDOWS 程序\CREATEWINSERVER\CREATEWINSERVER\DEBUG\WSESSIONMANAGER.OBJ
E:\亚信安全\亚信安全\Windows 程序\CreateWinServer\Debug\CreateWinServer.exe
