生成启动时间为 2020/6/5 13:35:15。
     1>项目“E:\亚信安全\亚信安全\Windows 程序\CreateWinServer\CreateWinServer\CreateWinServer.vcxproj”在节点 2 上(build 个目标)。
     1>InitializeBuildStatus:
         正在对“Debug\CreateWinServer.unsuccessfulbuild”执行 Touch 任务。
       ClCompile:
         所有输出均为最新。
         所有输出均为最新。
       ManifestResourceCompile:
         所有输出均为最新。
       Link:
         e:\亚信安全\VC\bin\link.exe /ERRORREPORT:PROMPT /OUT:"E:\亚信安全\亚信安全\Windows 程序\CreateWinServer\Debug\CreateWinServer.exe" /INCREMENTAL /NOLOGO kernel32.lib user32.lib gdi32.lib winspool.lib comdlg32.lib advapi32.lib shell32.lib ole32.lib oleaut32.lib uuid.lib odbc32.lib odbccp32.lib /MANIFEST /ManifestFile:"Debug\CreateWinServer.exe.intermediate.manifest" /MANIFESTUAC:"level='asInvoker' uiAccess='false'" /DEBUG /PDB:"E:\亚信安全\亚信安全\Windows 程序\CreateWinServer\Debug\CreateWinServer.pdb" /SUBSYSTEM:CONSOLE /TLBID:1 /DYNAMICBASE /NXCOMPAT /IMPLIB:"E:\亚信安全\亚信安全\Windows 程序\CreateWinServer\Debug\CreateWinServer.lib" /MACHINE:X86 Debug\CreateWinServer.exe.embed.manifest.res
         Debug\CreateWinServer.obj
         Debug\stdafx.obj
         Debug\winservice.obj
         Debug\WSessionManager.obj
       Manifest:
         C:\Program Files (x86)\Microsoft SDKs\Windows\v7.0A\bin\mt.exe /nologo /verbose /out:"Debug\CreateWinServer.exe.embed.manifest" /manifest Debug\CreateWinServer.exe.intermediate.manifest
         C:\Program Files (x86)\Microsoft SDKs\Windows\v7.0A\bin\rc.exe /nologo /fo"Debug\CreateWinServer.exe.embed.manifest.res" Debug\CreateWinServer_manifest.rc 
       LinkEmbedManifest:
         e:\亚信安全\VC\bin\link.exe /ERRORREPORT:PROMPT /OUT:"E:\亚信安全\亚信安全\Windows 程序\CreateWinServer\Debug\CreateWinServer.exe" /INCREMENTAL /NOLOGO kernel32.lib user32.lib gdi32.lib winspool.lib comdlg32.lib advapi32.lib shell32.lib ole32.lib oleaut32.lib uuid.lib odbc32.lib odbccp32.lib /MANIFEST /ManifestFile:"Debug\CreateWinServer.exe.intermediate.manifest" /MANIFESTUAC:"level='asInvoker' uiAccess='false'" /DEBUG /PDB:"E:\亚信安全\亚信安全\Windows 程序\CreateWinServer\Debug\CreateWinServer.pdb" /SUBSYSTEM:CONSOLE /TLBID:1 /DYNAMICBASE /NXCOMPAT /IMPLIB:"E:\亚信安全\亚信安全\Windows 程序\CreateWinServer\Debug\CreateWinServer.lib" /MACHINE:X86 Debug\CreateWinServer.exe.embed.manifest.res
         Debug\CreateWinServer.obj
         Debug\stdafx.obj
         Debug\winservice.obj
         Debug\WSessionManager.obj
         CreateWinServer.vcxproj -> E:\亚信安全\亚信安全\Windows 程序\CreateWinServer\Debug\CreateWinServer.exe
       FinalizeBuildStatus:
         正在删除文件“Debug\CreateWinServer.unsuccessfulbuild”。
         正在对“Debug\CreateWinServer.lastbuildstate”执行 Touch 任务。
     1>已完成生成项目“E:\亚信安全\亚信安全\Windows 程序\CreateWinServer\CreateWinServer\CreateWinServer.vcxproj”(build 个目标)的操作。

生成成功。

已用时间 00:00:01.48
