生成启动时间为 2020/6/5 17:09:37。
     1>项目“E:\亚信安全\亚信安全\Windows 程序\CreateWinServer\CreateWinServer\CreateWinServer.vcxproj”在节点 2 上(rebuild 个目标)。
     1>_PrepareForClean:
         正在删除文件“Release\CreateWinServer.lastbuildstate”。
       InitializeBuildStatus:
         正在创建“Release\CreateWinServer.unsuccessfulbuild”，因为已指定“AlwaysCreate”。
       ClCompile:
         e:\亚信安全\VC\bin\CL.exe /c /Zi /nologo /W3 /WX- /O2 /Oi /Oy- /GL /D WIN32 /D NDEBUG /D _CONSOLE /D _MBCS /Gm- /EHsc /MD /GS /Gy /fp:precise /Zc:wchar_t /Zc:forScope /Yc"StdAfx.h" /Fp"Release\CreateWinServer.pch" /Fo"Release\\" /Fd"Release\vc100.pdb" /Gd /TP /analyze- /errorReport:prompt stdafx.cpp
         stdafx.cpp
         e:\亚信安全\VC\bin\CL.exe /c /Zi /nologo /W3 /WX- /O2 /Oi /Oy- /GL /D WIN32 /D NDEBUG /D _CONSOLE /D _MBCS /Gm- /EHsc /MD /GS /Gy /fp:precise /Zc:wchar_t /Zc:forScope /Yu"StdAfx.h" /Fp"Release\CreateWinServer.pch" /Fo"Release\\" /Fd"Release\vc100.pdb" /Gd /TP /analyze- /errorReport:prompt CreateWinServer.cpp winservice.cpp WSessionManager.cpp
         CreateWinServer.cpp
     1>CreateWinServer.cpp(38): warning C4996: 'stricmp': The POSIX name for this item is deprecated. Instead, use the ISO C++ conformant name: _stricmp. See online help for details.
                 e:\亚信安全\VC\include\string.h(246) : 参见“stricmp”的声明
         winservice.cpp
     1>winservice.cpp(20): warning C4996: 'localtime': This function or variable may be unsafe. Consider using localtime_s instead. To disable deprecation, use _CRT_SECURE_NO_WARNINGS. See online help for details.
                 e:\亚信安全\VC\include\time.inl(112) : 参见“localtime”的声明
     1>winservice.cpp(25): warning C4996: 'sprintf': This function or variable may be unsafe. Consider using sprintf_s instead. To disable deprecation, use _CRT_SECURE_NO_WARNINGS. See online help for details.
                 e:\亚信安全\VC\include\stdio.h(371) : 参见“sprintf”的声明
     1>winservice.cpp(29): warning C4996: 'sprintf': This function or variable may be unsafe. Consider using sprintf_s instead. To disable deprecation, use _CRT_SECURE_NO_WARNINGS. See online help for details.
                 e:\亚信安全\VC\include\stdio.h(371) : 参见“sprintf”的声明
     1>winservice.cpp(30): warning C4996: 'fopen': This function or variable may be unsafe. Consider using fopen_s instead. To disable deprecation, use _CRT_SECURE_NO_WARNINGS. See online help for details.
                 e:\亚信安全\VC\include\stdio.h(234) : 参见“fopen”的声明
     1>winservice.cpp(55): warning C4101: “hKey”: 未引用的局部变量
     1>winservice.cpp(251): warning C4996: '_tcsncpy': This function or variable may be unsafe. Consider using _tcsncpy_s instead. To disable deprecation, use _CRT_SECURE_NO_WARNINGS. See online help for details.
                 e:\亚信安全\VC\include\tchar.h(1516) : 参见“_tcsncpy”的声明
         WSessionManager.cpp
     1>WSessionManager.cpp(17): warning C4996: 'localtime': This function or variable may be unsafe. Consider using localtime_s instead. To disable deprecation, use _CRT_SECURE_NO_WARNINGS. See online help for details.
                 e:\亚信安全\VC\include\time.inl(112) : 参见“localtime”的声明
     1>WSessionManager.cpp(22): warning C4996: 'sprintf': This function or variable may be unsafe. Consider using sprintf_s instead. To disable deprecation, use _CRT_SECURE_NO_WARNINGS. See online help for details.
                 e:\亚信安全\VC\include\stdio.h(371) : 参见“sprintf”的声明
     1>WSessionManager.cpp(26): warning C4996: 'sprintf': This function or variable may be unsafe. Consider using sprintf_s instead. To disable deprecation, use _CRT_SECURE_NO_WARNINGS. See online help for details.
                 e:\亚信安全\VC\include\stdio.h(371) : 参见“sprintf”的声明
     1>WSessionManager.cpp(27): warning C4996: 'fopen': This function or variable may be unsafe. Consider using fopen_s instead. To disable deprecation, use _CRT_SECURE_NO_WARNINGS. See online help for details.
                 e:\亚信安全\VC\include\stdio.h(234) : 参见“fopen”的声明
       Link:
         e:\亚信安全\VC\bin\link.exe /ERRORREPORT:PROMPT /OUT:"E:\亚信安全\亚信安全\Windows 程序\CreateWinServer\Release\CreateWinServer.exe" /INCREMENTAL:NO /NOLOGO kernel32.lib user32.lib gdi32.lib winspool.lib comdlg32.lib advapi32.lib shell32.lib ole32.lib oleaut32.lib uuid.lib odbc32.lib odbccp32.lib /MANIFEST /ManifestFile:"Release\CreateWinServer.exe.intermediate.manifest" /MANIFESTUAC:"level='asInvoker' uiAccess='false'" /DEBUG /PDB:"E:\亚信安全\亚信安全\Windows 程序\CreateWinServer\Release\CreateWinServer.pdb" /SUBSYSTEM:CONSOLE /OPT:REF /OPT:ICF /LTCG /TLBID:1 /DYNAMICBASE /NXCOMPAT /IMPLIB:"E:\亚信安全\亚信安全\Windows 程序\CreateWinServer\Release\CreateWinServer.lib" /MACHINE:X86 Release\CreateWinServer.obj
         Release\stdafx.obj
         Release\winservice.obj
         Release\WSessionManager.obj
         正在生成代码
         已完成代码的生成
         CreateWinServer.vcxproj -> E:\亚信安全\亚信安全\Windows 程序\CreateWinServer\Release\CreateWinServer.exe
       Manifest:
         C:\Program Files (x86)\Microsoft SDKs\Windows\v7.0A\bin\mt.exe /nologo /verbose /outputresource:"E:\亚信安全\亚信安全\Windows 程序\CreateWinServer\Release\CreateWinServer.exe;#1" /manifest Release\CreateWinServer.exe.intermediate.manifest
       FinalizeBuildStatus:
         正在删除文件“Release\CreateWinServer.unsuccessfulbuild”。
         正在对“Release\CreateWinServer.lastbuildstate”执行 Touch 任务。
     1>已完成生成项目“E:\亚信安全\亚信安全\Windows 程序\CreateWinServer\CreateWinServer\CreateWinServer.vcxproj”(rebuild 个目标)的操作。

生成成功。

已用时间 00:00:06.81
