c:\users\温家盛\desktop\duilib-master\duilib-master\duilib\build\debug_u\duilib.pch
c:\users\温家盛\desktop\duilib-master\duilib-master\duilib\build\debug_u\vc120.pdb
c:\users\温家盛\desktop\duilib-master\duilib-master\duilib\build\debug_u\vc120.idb
c:\users\温家盛\desktop\duilib-master\duilib-master\duilib\build\debug_u\stdafx.obj
c:\users\温家盛\desktop\duilib-master\duilib-master\duilib\build\debug_u\uitablayout.obj
c:\users\温家盛\desktop\duilib-master\duilib-master\duilib\build\debug_u\uitilelayout.obj
c:\users\温家盛\desktop\duilib-master\duilib-master\duilib\build\debug_u\uiverticallayout.obj
c:\users\温家盛\desktop\duilib-master\duilib-master\duilib\build\debug_u\uiactivex.obj
c:\users\温家盛\desktop\duilib-master\duilib-master\duilib\build\debug_u\uibutton.obj
c:\users\温家盛\desktop\duilib-master\duilib-master\duilib\build\debug_u\uicheckbox.obj
c:\users\温家盛\desktop\duilib-master\duilib-master\duilib\build\debug_u\uicombo.obj
c:\users\温家盛\desktop\duilib-master\duilib-master\duilib\build\debug_u\uicombobox.obj
c:\users\温家盛\desktop\duilib-master\duilib-master\duilib\build\debug_u\uidatetime.obj
c:\users\温家盛\desktop\duilib-master\duilib-master\duilib\build\debug_u\uiedit.obj
c:\users\温家盛\desktop\duilib-master\duilib-master\duilib\build\debug_u\uilabel.obj
c:\users\温家盛\desktop\duilib-master\duilib-master\duilib\build\debug_u\uilist.obj
c:\users\温家盛\desktop\duilib-master\duilib-master\duilib\build\debug_u\uioption.obj
c:\users\温家盛\desktop\duilib-master\duilib-master\duilib\build\debug_u\uiprogress.obj
c:\users\温家盛\desktop\duilib-master\duilib-master\duilib\build\debug_u\uirichedit.obj
c:\users\温家盛\desktop\duilib-master\duilib-master\duilib\build\debug_u\uiscrollbar.obj
c:\users\温家盛\desktop\duilib-master\duilib-master\duilib\build\debug_u\uislider.obj
c:\users\温家盛\desktop\duilib-master\duilib-master\duilib\build\debug_u\uitext.obj
c:\users\温家盛\desktop\duilib-master\duilib-master\duilib\build\debug_u\uitreeview.obj
c:\users\温家盛\desktop\duilib-master\duilib-master\duilib\build\debug_u\uiwebbrowser.obj
c:\users\温家盛\desktop\duilib-master\duilib-master\duilib\build\debug_u\uilib.obj
c:\users\温家盛\desktop\duilib-master\duilib-master\duilib\build\debug_u\winimplbase.obj
c:\users\温家盛\desktop\duilib-master\duilib-master\duilib\build\debug_u\uidelegate.obj
c:\users\温家盛\desktop\duilib-master\duilib-master\duilib\build\debug_u\utils.obj
c:\users\温家盛\desktop\duilib-master\duilib-master\duilib\build\debug_u\uibase.obj
c:\users\温家盛\desktop\duilib-master\duilib-master\duilib\build\debug_u\uicontainer.obj
c:\users\温家盛\desktop\duilib-master\duilib-master\duilib\build\debug_u\uicontrol.obj
c:\users\温家盛\desktop\duilib-master\duilib-master\duilib\build\debug_u\uidlgbuilder.obj
c:\users\温家盛\desktop\duilib-master\duilib-master\duilib\build\debug_u\uimanager.obj
c:\users\温家盛\desktop\duilib-master\duilib-master\duilib\build\debug_u\uimarkup.obj
c:\users\温家盛\desktop\duilib-master\duilib-master\duilib\build\debug_u\uirender.obj
c:\users\温家盛\desktop\duilib-master\duilib-master\duilib\build\debug_u\uichildlayout.obj
c:\users\温家盛\desktop\duilib-master\duilib-master\duilib\build\debug_u\uihorizontallayout.obj
c:\users\温家盛\desktop\duilib-master\duilib-master\duilib\build\debug_u\stb_image.obj
c:\users\温家盛\desktop\duilib-master\duilib-master\duilib\build\debug_u\xunzip.obj
c:\users\温家盛\desktop\duilib-master\duilib-master\lib\duilib_ud.lib
c:\users\温家盛\desktop\duilib-master\duilib-master\lib\duilib_ud.exp
c:\users\温家盛\desktop\duilib-master\duilib-master\bin\duilib_ud.dll
c:\users\温家盛\desktop\duilib-master\duilib-master\duilib\build\debug_u\duilib.pdb
c:\users\温家盛\desktop\duilib-master\duilib-master\duilib\build\debug_u\duilib.tlog\cl.command.1.tlog
c:\users\温家盛\desktop\duilib-master\duilib-master\duilib\build\debug_u\duilib.tlog\cl.read.1.tlog
c:\users\温家盛\desktop\duilib-master\duilib-master\duilib\build\debug_u\duilib.tlog\cl.write.1.tlog
c:\users\温家盛\desktop\duilib-master\duilib-master\duilib\build\debug_u\duilib.tlog\duilib.write.1u.tlog
c:\users\温家盛\desktop\duilib-master\duilib-master\duilib\build\debug_u\duilib.tlog\link.command.1.tlog
c:\users\温家盛\desktop\duilib-master\duilib-master\duilib\build\debug_u\duilib.tlog\link.read.1.tlog
c:\users\温家盛\desktop\duilib-master\duilib-master\duilib\build\debug_u\duilib.tlog\link.write.1.tlog
