c:\users\温家盛\desktop\duilib-master\duilib-master\duilib\build\debug\duilib.pch
c:\users\温家盛\desktop\duilib-master\duilib-master\duilib\build\debug\vc120.pdb
c:\users\温家盛\desktop\duilib-master\duilib-master\duilib\build\debug\vc120.idb
c:\users\温家盛\desktop\duilib-master\duilib-master\duilib\build\debug\stdafx.obj
c:\users\温家盛\desktop\duilib-master\duilib-master\duilib\build\debug\uitablayout.obj
c:\users\温家盛\desktop\duilib-master\duilib-master\duilib\build\debug\uitilelayout.obj
c:\users\温家盛\desktop\duilib-master\duilib-master\duilib\build\debug\uiverticallayout.obj
c:\users\温家盛\desktop\duilib-master\duilib-master\duilib\build\debug\uiactivex.obj
c:\users\温家盛\desktop\duilib-master\duilib-master\duilib\build\debug\uibutton.obj
c:\users\温家盛\desktop\duilib-master\duilib-master\duilib\build\debug\uicheckbox.obj
c:\users\温家盛\desktop\duilib-master\duilib-master\duilib\build\debug\uicombo.obj
c:\users\温家盛\desktop\duilib-master\duilib-master\duilib\build\debug\uicombobox.obj
c:\users\温家盛\desktop\duilib-master\duilib-master\duilib\build\debug\uidatetime.obj
c:\users\温家盛\desktop\duilib-master\duilib-master\duilib\build\debug\uiedit.obj
c:\users\温家盛\desktop\duilib-master\duilib-master\duilib\build\debug\uilabel.obj
c:\users\温家盛\desktop\duilib-master\duilib-master\duilib\build\debug\uilist.obj
c:\users\温家盛\desktop\duilib-master\duilib-master\duilib\build\debug\uioption.obj
c:\users\温家盛\desktop\duilib-master\duilib-master\duilib\build\debug\uiprogress.obj
c:\users\温家盛\desktop\duilib-master\duilib-master\duilib\build\debug\uirichedit.obj
c:\users\温家盛\desktop\duilib-master\duilib-master\duilib\build\debug\uiscrollbar.obj
c:\users\温家盛\desktop\duilib-master\duilib-master\duilib\build\debug\uislider.obj
c:\users\温家盛\desktop\duilib-master\duilib-master\duilib\build\debug\uitext.obj
c:\users\温家盛\desktop\duilib-master\duilib-master\duilib\build\debug\uitreeview.obj
c:\users\温家盛\desktop\duilib-master\duilib-master\duilib\build\debug\uiwebbrowser.obj
c:\users\温家盛\desktop\duilib-master\duilib-master\duilib\build\debug\uilib.obj
c:\users\温家盛\desktop\duilib-master\duilib-master\duilib\build\debug\winimplbase.obj
c:\users\温家盛\desktop\duilib-master\duilib-master\duilib\build\debug\uidelegate.obj
c:\users\温家盛\desktop\duilib-master\duilib-master\duilib\build\debug\utils.obj
c:\users\温家盛\desktop\duilib-master\duilib-master\duilib\build\debug\uibase.obj
c:\users\温家盛\desktop\duilib-master\duilib-master\duilib\build\debug\uicontainer.obj
c:\users\温家盛\desktop\duilib-master\duilib-master\duilib\build\debug\uicontrol.obj
c:\users\温家盛\desktop\duilib-master\duilib-master\duilib\build\debug\uidlgbuilder.obj
c:\users\温家盛\desktop\duilib-master\duilib-master\duilib\build\debug\uimanager.obj
c:\users\温家盛\desktop\duilib-master\duilib-master\duilib\build\debug\uimarkup.obj
c:\users\温家盛\desktop\duilib-master\duilib-master\duilib\build\debug\uirender.obj
c:\users\温家盛\desktop\duilib-master\duilib-master\duilib\build\debug\uichildlayout.obj
c:\users\温家盛\desktop\duilib-master\duilib-master\duilib\build\debug\uihorizontallayout.obj
c:\users\温家盛\desktop\duilib-master\duilib-master\duilib\build\debug\stb_image.obj
c:\users\温家盛\desktop\duilib-master\duilib-master\duilib\build\debug\xunzip.obj
c:\users\温家盛\desktop\duilib-master\duilib-master\lib\duilib_d.lib
c:\users\温家盛\desktop\duilib-master\duilib-master\lib\duilib_d.exp
c:\users\温家盛\desktop\duilib-master\duilib-master\bin\duilib_d.dll
c:\users\温家盛\desktop\duilib-master\duilib-master\duilib\build\debug\duilib.pdb
c:\users\温家盛\desktop\duilib-master\duilib-master\duilib\build\debug\duilib.tlog\cl.command.1.tlog
c:\users\温家盛\desktop\duilib-master\duilib-master\duilib\build\debug\duilib.tlog\cl.read.1.tlog
c:\users\温家盛\desktop\duilib-master\duilib-master\duilib\build\debug\duilib.tlog\cl.write.1.tlog
c:\users\温家盛\desktop\duilib-master\duilib-master\duilib\build\debug\duilib.tlog\duilib.write.1u.tlog
c:\users\温家盛\desktop\duilib-master\duilib-master\duilib\build\debug\duilib.tlog\link.command.1.tlog
c:\users\温家盛\desktop\duilib-master\duilib-master\duilib\build\debug\duilib.tlog\link.read.1.tlog
c:\users\温家盛\desktop\duilib-master\duilib-master\duilib\build\debug\duilib.tlog\link.write.1.tlog
