生成启动时间为 2020/1/6 21:38:22。
     1>项目“D:\vs 比特\c++\正则表达式匹配\正则表达式匹配\正则表达式匹配.vcxproj”在节点 2 上(Rebuild 个目标)。
     1>ClCompile:
         C:\Program Files (x86)\Microsoft Visual Studio 12.0\VC\bin\CL.exe /c /ZI /nologo /W3 /WX- /sdl /Od /Oy- /D _UNICODE /D UNICODE /Gm /EHsc /RTC1 /MDd /GS /fp:precise /Zc:wchar_t /Zc:forScope /Fo"Debug\\" /Fd"Debug\vc120.pdb" /Gd /TP /analyze- /errorReport:prompt "源.cpp"
         源.cpp
     1>d:\vs 比特\c++\正则表达式匹配\正则表达式匹配\源.cpp(5): error C2011: “stat”:“struct”类型重定义
                 c:\program files (x86)\microsoft visual studio 12.0\vc\include\wchar.h(517) : 参见“stat”的声明
     1>d:\vs 比特\c++\正则表达式匹配\正则表达式匹配\源.cpp(19): error C2661: “stat::stat”: 没有重载函数接受 2 个参数
     1>d:\vs 比特\c++\正则表达式匹配\正则表达式匹配\源.cpp(19): error C3861: “stat”:  找不到标识符
     1>d:\vs 比特\c++\正则表达式匹配\正则表达式匹配\源.cpp(23): error C2079: “top”使用未定义的 struct“stat”
     1>d:\vs 比特\c++\正则表达式匹配\正则表达式匹配\源.cpp(23): error C2440: “初始化”: 无法从“stat”转换为“int”
                 源或目标有不完整类型
     1>d:\vs 比特\c++\正则表达式匹配\正则表达式匹配\源.cpp(25): error C2228: “.s_pos”的左边必须有类/结构/联合
                 类型是“int”
     1>d:\vs 比特\c++\正则表达式匹配\正则表达式匹配\源.cpp(25): error C2228: “.p_pos”的左边必须有类/结构/联合
                 类型是“int”
     1>d:\vs 比特\c++\正则表达式匹配\正则表达式匹配\源.cpp(27): error C2228: “.s_pos”的左边必须有类/结构/联合
                 类型是“int”
     1>d:\vs 比特\c++\正则表达式匹配\正则表达式匹配\源.cpp(27): error C2228: “.p_pos”的左边必须有类/结构/联合
                 类型是“int”
     1>d:\vs 比特\c++\正则表达式匹配\正则表达式匹配\源.cpp(29): error C2228: “.s_pos”的左边必须有类/结构/联合
                 类型是“int”
     1>d:\vs 比特\c++\正则表达式匹配\正则表达式匹配\源.cpp(29): error C2228: “.p_pos”的左边必须有类/结构/联合
                 类型是“int”
     1>d:\vs 比特\c++\正则表达式匹配\正则表达式匹配\源.cpp(31): error C2228: “.p_pos”的左边必须有类/结构/联合
                 类型是“int”
     1>d:\vs 比特\c++\正则表达式匹配\正则表达式匹配\源.cpp(33): error C2228: “.p_pos”的左边必须有类/结构/联合
                 类型是“int”
     1>d:\vs 比特\c++\正则表达式匹配\正则表达式匹配\源.cpp(34): error C2228: “.p_pos”的左边必须有类/结构/联合
                 类型是“int”
     1>d:\vs 比特\c++\正则表达式匹配\正则表达式匹配\源.cpp(35): error C2228: “.s_pos”的左边必须有类/结构/联合
                 类型是“int”
     1>d:\vs 比特\c++\正则表达式匹配\正则表达式匹配\源.cpp(35): error C2228: “.p_pos”的左边必须有类/结构/联合
                 类型是“int”
     1>d:\vs 比特\c++\正则表达式匹配\正则表达式匹配\源.cpp(35): error C3861: “stat”:  找不到标识符
     1>d:\vs 比特\c++\正则表达式匹配\正则表达式匹配\源.cpp(37): error C2228: “.s_pos”的左边必须有类/结构/联合
                 类型是“int”
     1>d:\vs 比特\c++\正则表达式匹配\正则表达式匹配\源.cpp(38): error C2228: “.p_pos”的左边必须有类/结构/联合
                 类型是“int”
     1>d:\vs 比特\c++\正则表达式匹配\正则表达式匹配\源.cpp(38): error C2228: “.s_pos”的左边必须有类/结构/联合
                 类型是“int”
     1>d:\vs 比特\c++\正则表达式匹配\正则表达式匹配\源.cpp(39): error C2228: “.s_pos”的左边必须有类/结构/联合
                 类型是“int”
     1>d:\vs 比特\c++\正则表达式匹配\正则表达式匹配\源.cpp(39): error C2228: “.p_pos”的左边必须有类/结构/联合
                 类型是“int”
     1>d:\vs 比特\c++\正则表达式匹配\正则表达式匹配\源.cpp(39): error C3861: “stat”:  找不到标识符
     1>d:\vs 比特\c++\正则表达式匹配\正则表达式匹配\源.cpp(47): error C2228: “.s_pos”的左边必须有类/结构/联合
                 类型是“int”
     1>d:\vs 比特\c++\正则表达式匹配\正则表达式匹配\源.cpp(47): error C2228: “.p_pos”的左边必须有类/结构/联合
                 类型是“int”
     1>d:\vs 比特\c++\正则表达式匹配\正则表达式匹配\源.cpp(48): error C2228: “.s_pos”的左边必须有类/结构/联合
                 类型是“int”
     1>d:\vs 比特\c++\正则表达式匹配\正则表达式匹配\源.cpp(48): error C2228: “.p_pos”的左边必须有类/结构/联合
                 类型是“int”
     1>d:\vs 比特\c++\正则表达式匹配\正则表达式匹配\源.cpp(48): error C3861: “stat”:  找不到标识符
     1>d:\vs 比特\c++\正则表达式匹配\正则表达式匹配\源.cpp(51): error C2228: “.p_pos”的左边必须有类/结构/联合
                 类型是“int”
     1>d:\vs 比特\c++\正则表达式匹配\正则表达式匹配\源.cpp(53): error C2228: “.p_pos”的左边必须有类/结构/联合
                 类型是“int”
     1>d:\vs 比特\c++\正则表达式匹配\正则表达式匹配\源.cpp(54): error C2228: “.s_pos”的左边必须有类/结构/联合
                 类型是“int”
     1>d:\vs 比特\c++\正则表达式匹配\正则表达式匹配\源.cpp(54): error C2228: “.p_pos”的左边必须有类/结构/联合
                 类型是“int”
     1>d:\vs 比特\c++\正则表达式匹配\正则表达式匹配\源.cpp(54): error C3861: “stat”:  找不到标识符
     1>d:\vs 比特\c++\正则表达式匹配\正则表达式匹配\源.cpp(55): error C2228: “.s_pos”的左边必须有类/结构/联合
                 类型是“int”
     1>d:\vs 比特\c++\正则表达式匹配\正则表达式匹配\源.cpp(56): error C2228: “.s_pos”的左边必须有类/结构/联合
                 类型是“int”
     1>d:\vs 比特\c++\正则表达式匹配\正则表达式匹配\源.cpp(56): error C2228: “.p_pos”的左边必须有类/结构/联合
                 类型是“int”
     1>d:\vs 比特\c++\正则表达式匹配\正则表达式匹配\源.cpp(56): error C3861: “stat”:  找不到标识符
     1>d:\vs 比特\c++\正则表达式匹配\正则表达式匹配\源.cpp(59): error C2228: “.s_pos”的左边必须有类/结构/联合
                 类型是“int”
     1>d:\vs 比特\c++\正则表达式匹配\正则表达式匹配\源.cpp(60): error C2228: “.s_pos”的左边必须有类/结构/联合
                 类型是“int”
     1>d:\vs 比特\c++\正则表达式匹配\正则表达式匹配\源.cpp(60): error C2228: “.p_pos”的左边必须有类/结构/联合
                 类型是“int”
     1>d:\vs 比特\c++\正则表达式匹配\正则表达式匹配\源.cpp(60): error C3861: “stat”:  找不到标识符
     1>已完成生成项目“D:\vs 比特\c++\正则表达式匹配\正则表达式匹配\正则表达式匹配.vcxproj”(Rebuild 个目标)的操作 - 失败。

生成失败。

已用时间 00:00:02.73
